WARNING: Using incubator modules: jdk.incubator.vector
Using Spark's default log4j profile: org/apache/spark/log4j2-defaults.properties
25/07/29 15:03:09 WARN Utils: Your hostname, CUSAT, resolves to a loopback address: 127.0.1.1; using 172.16.65.37 instead (on interface eno1)
25/07/29 15:03:09 WARN Utils: Set SPARK_LOCAL_IP if you need to bind to another address
Using Spark's default log4j profile: org/apache/spark/log4j2-defaults.properties
25/07/29 15:03:09 INFO SparkContext: Running Spark version 4.0.0
25/07/29 15:03:09 INFO SparkContext: OS info Linux, 6.8.0-64-generic, amd64
25/07/29 15:03:09 INFO SparkContext: Java version 21.0.8
25/07/29 15:03:09 WARN NativeCodeLoader: Unable to load native-hadoop library for your platform... using builtin-java classes where applicable
25/07/29 15:03:09 INFO ResourceUtils: ==============================================================
25/07/29 15:03:09 INFO ResourceUtils: No custom resources configured for spark.driver.
25/07/29 15:03:09 INFO ResourceUtils: ==============================================================
25/07/29 15:03:09 INFO SparkContext: Submitted application: DataCleaningExample
25/07/29 15:03:09 INFO ResourceProfile: Default ResourceProfile created, executor resources: Map(cores -> name: cores, amount: 1, script: , vendor: , memory -> name: memory, amount: 1024, script: , vendor: , offHeap -> name: offHeap, amount: 0, script: , vendor: ), task resources: Map(cpus -> name: cpus, amount: 1.0)
25/07/29 15:03:09 INFO ResourceProfile: Limiting resource is cpu
25/07/29 15:03:09 INFO ResourceProfileManager: Added ResourceProfile id: 0
25/07/29 15:03:09 INFO SecurityManager: Changing view acls to: aswin
25/07/29 15:03:09 INFO SecurityManager: Changing modify acls to: aswin
25/07/29 15:03:09 INFO SecurityManager: Changing view acls groups to: aswin
25/07/29 15:03:09 INFO SecurityManager: Changing modify acls groups to: aswin
25/07/29 15:03:09 INFO SecurityManager: SecurityManager: authentication disabled; ui acls disabled; users with view permissions: aswin groups with view permissions: EMPTY; users with modify permissions: aswin; groups with modify permissions: EMPTY; RPC SSL disabled
25/07/29 15:03:09 INFO Utils: Successfully started service 'sparkDriver' on port 43131.
25/07/29 15:03:09 INFO SparkEnv: Registering MapOutputTracker
25/07/29 15:03:09 INFO SparkEnv: Registering BlockManagerMaster
25/07/29 15:03:10 INFO BlockManagerMasterEndpoint: Using org.apache.spark.storage.DefaultTopologyMapper for getting topology information
25/07/29 15:03:10 INFO BlockManagerMasterEndpoint: BlockManagerMasterEndpoint up
25/07/29 15:03:10 INFO SparkEnv: Registering BlockManagerMasterHeartbeat
25/07/29 15:03:10 INFO DiskBlockManager: Created local directory at /tmp/blockmgr-643eb3bb-7fe4-4bc0-adf1-5351588e38a6
25/07/29 15:03:10 INFO SparkEnv: Registering OutputCommitCoordinator
25/07/29 15:03:10 INFO JettyUtils: Start Jetty 0.0.0.0:4040 for SparkUI
25/07/29 15:03:10 INFO Utils: Successfully started service 'SparkUI' on port 4040.
25/07/29 15:03:10 INFO SecurityManager: Changing view acls to: aswin
25/07/29 15:03:10 INFO SecurityManager: Changing modify acls to: aswin
25/07/29 15:03:10 INFO SecurityManager: Changing view acls groups to: aswin
25/07/29 15:03:10 INFO SecurityManager: Changing modify acls groups to: aswin
25/07/29 15:03:10 INFO SecurityManager: SecurityManager: authentication disabled; ui acls disabled; users with view permissions: aswin groups with view permissions: EMPTY; users with modify permissions: aswin; groups with modify permissions: EMPTY; RPC SSL disabled
25/07/29 15:03:10 INFO Executor: Starting executor ID driver on host 172.16.65.37
25/07/29 15:03:10 INFO Executor: OS info Linux, 6.8.0-64-generic, amd64
25/07/29 15:03:10 INFO Executor: Java version 21.0.8
25/07/29 15:03:10 INFO Executor: Starting executor with user classpath (userClassPathFirst = false): ''
25/07/29 15:03:10 INFO Executor: Created or updated repl class loader org.apache.spark.util.MutableURLClassLoader@6d0fd865 for default.
25/07/29 15:03:10 INFO Utils: Successfully started service 'org.apache.spark.network.netty.NettyBlockTransferService' on port 34431.
25/07/29 15:03:10 INFO NettyBlockTransferService: Server created on 172.16.65.37:34431
25/07/29 15:03:10 INFO BlockManager: Using org.apache.spark.storage.RandomBlockReplicationPolicy for block replication policy
25/07/29 15:03:10 INFO BlockManagerMaster: Registering BlockManager BlockManagerId(driver, 172.16.65.37, 34431, None)
25/07/29 15:03:10 INFO BlockManagerMasterEndpoint: Registering block manager 172.16.65.37:34431 with 434.4 MiB RAM, BlockManagerId(driver, 172.16.65.37, 34431, None)
25/07/29 15:03:10 INFO BlockManagerMaster: Registered BlockManager BlockManagerId(driver, 172.16.65.37, 34431, None)
25/07/29 15:03:10 INFO BlockManager: Initialized BlockManager: BlockManagerId(driver, 172.16.65.37, 34431, None)
25/07/29 15:03:11 INFO SharedState: Setting hive.metastore.warehouse.dir ('null') to the value of spark.sql.warehouse.dir.
25/07/29 15:03:11 INFO SharedState: Warehouse path is 'file:/home/aswin/Desktop/untitled2/spark-warehouse'.
25/07/29 15:03:11 INFO InMemoryFileIndex: It took 13 ms to list leaf files for 1 paths.
25/07/29 15:03:11 INFO InMemoryFileIndex: It took 0 ms to list leaf files for 1 paths.
25/07/29 15:03:11 INFO FileSourceStrategy: Pushed Filters: 
25/07/29 15:03:11 INFO FileSourceStrategy: Post-Scan Filters: Set((length(trim(value#0, None)) > 0))
25/07/29 15:03:11 INFO CodeGenerator: Code generated in 63.40087 ms
25/07/29 15:03:11 INFO MemoryStore: MemoryStore started with capacity 434.4 MiB
25/07/29 15:03:11 INFO MemoryStore: Block broadcast_0 stored as values in memory (estimated size 214.3 KiB, free 434.2 MiB)
25/07/29 15:03:11 INFO MemoryStore: Block broadcast_0_piece0 stored as bytes in memory (estimated size 38.7 KiB, free 434.2 MiB)
25/07/29 15:03:11 INFO SparkContext: Created broadcast 0 from csv at NativeMethodAccessorImpl.java:0
25/07/29 15:03:11 INFO FileSourceScanExec: Planning scan with bin packing, max size: 4194304 bytes, open cost is considered as scanning 4194304 bytes.
25/07/29 15:03:11 INFO SparkContext: Starting job: csv at NativeMethodAccessorImpl.java:0
25/07/29 15:03:11 INFO DAGScheduler: Got job 0 (csv at NativeMethodAccessorImpl.java:0) with 1 output partitions
25/07/29 15:03:11 INFO DAGScheduler: Final stage: ResultStage 0 (csv at NativeMethodAccessorImpl.java:0)
25/07/29 15:03:11 INFO DAGScheduler: Parents of final stage: List()
25/07/29 15:03:11 INFO DAGScheduler: Missing parents: List()
25/07/29 15:03:11 INFO DAGScheduler: Submitting ResultStage 0 (MapPartitionsRDD[3] at csv at NativeMethodAccessorImpl.java:0), which has no missing parents
25/07/29 15:03:11 INFO MemoryStore: Block broadcast_1 stored as values in memory (estimated size 14.3 KiB, free 434.1 MiB)
25/07/29 15:03:11 INFO MemoryStore: Block broadcast_1_piece0 stored as bytes in memory (estimated size 6.8 KiB, free 434.1 MiB)
25/07/29 15:03:11 INFO SparkContext: Created broadcast 1 from broadcast at DAGScheduler.scala:1676
25/07/29 15:03:11 INFO DAGScheduler: Submitting 1 missing tasks from ResultStage 0 (MapPartitionsRDD[3] at csv at NativeMethodAccessorImpl.java:0) (first 15 tasks are for partitions Vector(0))
25/07/29 15:03:11 INFO TaskSchedulerImpl: Adding task set 0.0 with 1 tasks resource profile 0
25/07/29 15:03:11 INFO TaskSetManager: Starting task 0.0 in stage 0.0 (TID 0) (172.16.65.37,executor driver, partition 0, PROCESS_LOCAL, 10246 bytes) 
25/07/29 15:03:11 INFO Executor: Running task 0.0 in stage 0.0 (TID 0)
25/07/29 15:03:11 INFO CodeGenerator: Code generated in 4.602534 ms
25/07/29 15:03:11 INFO FileScanRDD: Reading File path: file:///home/aswin/Desktop/untitled2/sample_data.csv, range: 0-133, partition values: [empty row]
25/07/29 15:03:11 INFO CodeGenerator: Code generated in 4.104382 ms
25/07/29 15:03:11 INFO Executor: Finished task 0.0 in stage 0.0 (TID 0). 1704 bytes result sent to driver
25/07/29 15:03:11 INFO TaskSetManager: Finished task 0.0 in stage 0.0 (TID 0) in 88 ms on 172.16.65.37 (executor driver) (1/1)
25/07/29 15:03:11 INFO TaskSchedulerImpl: Removed TaskSet 0.0 whose tasks have all completed, from pool 
25/07/29 15:03:11 INFO DAGScheduler: ResultStage 0 (csv at NativeMethodAccessorImpl.java:0) finished in 125 ms
25/07/29 15:03:11 INFO DAGScheduler: Job 0 is finished. Cancelling potential speculative or zombie tasks for this job
25/07/29 15:03:11 INFO TaskSchedulerImpl: Canceling stage 0
25/07/29 15:03:11 INFO TaskSchedulerImpl: Killing all running tasks in stage 0: Stage finished
25/07/29 15:03:11 INFO DAGScheduler: Job 0 finished: csv at NativeMethodAccessorImpl.java:0, took 142.612572 ms
25/07/29 15:03:11 INFO CodeGenerator: Code generated in 3.266625 ms
25/07/29 15:03:12 INFO FileSourceStrategy: Pushed Filters: 
25/07/29 15:03:12 INFO FileSourceStrategy: Post-Scan Filters: Set()
25/07/29 15:03:12 INFO MemoryStore: Block broadcast_2 stored as values in memory (estimated size 214.3 KiB, free 433.9 MiB)
25/07/29 15:03:12 INFO MemoryStore: Block broadcast_2_piece0 stored as bytes in memory (estimated size 38.7 KiB, free 433.9 MiB)
25/07/29 15:03:12 INFO SparkContext: Created broadcast 2 from csv at NativeMethodAccessorImpl.java:0
25/07/29 15:03:12 INFO FileSourceScanExec: Planning scan with bin packing, max size: 4194304 bytes, open cost is considered as scanning 4194304 bytes.
25/07/29 15:03:12 INFO SparkContext: Starting job: csv at NativeMethodAccessorImpl.java:0
25/07/29 15:03:12 INFO DAGScheduler: Got job 1 (csv at NativeMethodAccessorImpl.java:0) with 1 output partitions
25/07/29 15:03:12 INFO DAGScheduler: Final stage: ResultStage 1 (csv at NativeMethodAccessorImpl.java:0)
25/07/29 15:03:12 INFO DAGScheduler: Parents of final stage: List()
25/07/29 15:03:12 INFO DAGScheduler: Missing parents: List()
25/07/29 15:03:12 INFO DAGScheduler: Submitting ResultStage 1 (MapPartitionsRDD[9] at csv at NativeMethodAccessorImpl.java:0), which has no missing parents
25/07/29 15:03:12 INFO MemoryStore: Block broadcast_3 stored as values in memory (estimated size 22.6 KiB, free 434.1 MiB)
25/07/29 15:03:12 INFO MemoryStore: Block broadcast_3_piece0 stored as bytes in memory (estimated size 10.3 KiB, free 434.1 MiB)
25/07/29 15:03:12 INFO SparkContext: Created broadcast 3 from broadcast at DAGScheduler.scala:1676
25/07/29 15:03:12 INFO DAGScheduler: Submitting 1 missing tasks from ResultStage 1 (MapPartitionsRDD[9] at csv at NativeMethodAccessorImpl.java:0) (first 15 tasks are for partitions Vector(0))
25/07/29 15:03:12 INFO TaskSchedulerImpl: Adding task set 1.0 with 1 tasks resource profile 0
25/07/29 15:03:12 INFO TaskSetManager: Starting task 0.0 in stage 1.0 (TID 1) (172.16.65.37,executor driver, partition 0, PROCESS_LOCAL, 10246 bytes) 
25/07/29 15:03:12 INFO Executor: Running task 0.0 in stage 1.0 (TID 1)
25/07/29 15:03:12 INFO CodeGenerator: Code generated in 3.151205 ms
25/07/29 15:03:12 INFO FileScanRDD: Reading File path: file:///home/aswin/Desktop/untitled2/sample_data.csv, range: 0-133, partition values: [empty row]
25/07/29 15:03:12 INFO Executor: Finished task 0.0 in stage 1.0 (TID 1). 1911 bytes result sent to driver
25/07/29 15:03:12 INFO TaskSetManager: Finished task 0.0 in stage 1.0 (TID 1) in 24 ms on 172.16.65.37 (executor driver) (1/1)
25/07/29 15:03:12 INFO TaskSchedulerImpl: Removed TaskSet 1.0 whose tasks have all completed, from pool 
25/07/29 15:03:12 INFO DAGScheduler: ResultStage 1 (csv at NativeMethodAccessorImpl.java:0) finished in 35 ms
25/07/29 15:03:12 INFO DAGScheduler: Job 1 is finished. Cancelling potential speculative or zombie tasks for this job
25/07/29 15:03:12 INFO TaskSchedulerImpl: Canceling stage 1
25/07/29 15:03:12 INFO TaskSchedulerImpl: Killing all running tasks in stage 1: Stage finished
25/07/29 15:03:12 INFO DAGScheduler: Job 1 finished: csv at NativeMethodAccessorImpl.java:0, took 36.861428 ms
=== Original Data ===
25/07/29 15:03:12 INFO FileSourceStrategy: Pushed Filters: 
25/07/29 15:03:12 INFO FileSourceStrategy: Post-Scan Filters: Set()
25/07/29 15:03:12 INFO CodeGenerator: Code generated in 5.268567 ms
25/07/29 15:03:12 INFO MemoryStore: Block broadcast_4 stored as values in memory (estimated size 214.2 KiB, free 433.9 MiB)
25/07/29 15:03:12 INFO MemoryStore: Block broadcast_4_piece0 stored as bytes in memory (estimated size 38.6 KiB, free 433.9 MiB)
25/07/29 15:03:12 INFO SparkContext: Created broadcast 4 from showString at NativeMethodAccessorImpl.java:0
25/07/29 15:03:12 INFO FileSourceScanExec: Planning scan with bin packing, max size: 4194304 bytes, open cost is considered as scanning 4194304 bytes.
25/07/29 15:03:12 INFO SparkContext: Starting job: showString at NativeMethodAccessorImpl.java:0
25/07/29 15:03:12 INFO DAGScheduler: Got job 2 (showString at NativeMethodAccessorImpl.java:0) with 1 output partitions
25/07/29 15:03:12 INFO DAGScheduler: Final stage: ResultStage 2 (showString at NativeMethodAccessorImpl.java:0)
25/07/29 15:03:12 INFO DAGScheduler: Parents of final stage: List()
25/07/29 15:03:12 INFO DAGScheduler: Missing parents: List()
25/07/29 15:03:12 INFO DAGScheduler: Submitting ResultStage 2 (MapPartitionsRDD[13] at showString at NativeMethodAccessorImpl.java:0), which has no missing parents
25/07/29 15:03:12 INFO MemoryStore: Block broadcast_5 stored as values in memory (estimated size 17.9 KiB, free 433.9 MiB)
25/07/29 15:03:12 INFO MemoryStore: Block broadcast_5_piece0 stored as bytes in memory (estimated size 8.3 KiB, free 433.8 MiB)
25/07/29 15:03:12 INFO SparkContext: Created broadcast 5 from broadcast at DAGScheduler.scala:1676
25/07/29 15:03:12 INFO DAGScheduler: Submitting 1 missing tasks from ResultStage 2 (MapPartitionsRDD[13] at showString at NativeMethodAccessorImpl.java:0) (first 15 tasks are for partitions Vector(0))
25/07/29 15:03:12 INFO TaskSchedulerImpl: Adding task set 2.0 with 1 tasks resource profile 0
25/07/29 15:03:12 INFO TaskSetManager: Starting task 0.0 in stage 2.0 (TID 2) (172.16.65.37,executor driver, partition 0, PROCESS_LOCAL, 10246 bytes) 
25/07/29 15:03:12 INFO Executor: Running task 0.0 in stage 2.0 (TID 2)
25/07/29 15:03:12 INFO CodeGenerator: Code generated in 5.117991 ms
25/07/29 15:03:12 INFO FileScanRDD: Reading File path: file:///home/aswin/Desktop/untitled2/sample_data.csv, range: 0-133, partition values: [empty row]
25/07/29 15:03:12 INFO CodeGenerator: Code generated in 3.771347 ms
25/07/29 15:03:12 INFO Executor: Finished task 0.0 in stage 2.0 (TID 2). 1809 bytes result sent to driver
25/07/29 15:03:12 INFO TaskSetManager: Finished task 0.0 in stage 2.0 (TID 2) in 25 ms on 172.16.65.37 (executor driver) (1/1)
25/07/29 15:03:12 INFO TaskSchedulerImpl: Removed TaskSet 2.0 whose tasks have all completed, from pool 
25/07/29 15:03:12 INFO DAGScheduler: ResultStage 2 (showString at NativeMethodAccessorImpl.java:0) finished in 28 ms
25/07/29 15:03:12 INFO DAGScheduler: Job 2 is finished. Cancelling potential speculative or zombie tasks for this job
25/07/29 15:03:12 INFO TaskSchedulerImpl: Canceling stage 2
25/07/29 15:03:12 INFO TaskSchedulerImpl: Killing all running tasks in stage 2: Stage finished
25/07/29 15:03:12 INFO DAGScheduler: Job 2 finished: showString at NativeMethodAccessorImpl.java:0, took 29.516506 ms
25/07/29 15:03:12 INFO CodeGenerator: Code generated in 4.185616 ms
+---+----+----+-----------+------+
| id|name| age|       city|income|
+---+----+----+-----------+------+
|  1|John|  29|   New York| 50000|
|  2|Jane|NULL|Los Angeles| 60000|
|  3|NULL|  34|    Chicago|  NULL|
|  4|Mark|  40|       NULL| 70000|
|  5|John|  29|   New York| 50000|
+---+----+----+-----------+------+

25/07/29 15:03:12 INFO FileSourceStrategy: Pushed Filters: 
25/07/29 15:03:12 INFO FileSourceStrategy: Post-Scan Filters: Set()
25/07/29 15:03:12 INFO CodeGenerator: Code generated in 17.971189 ms
25/07/29 15:03:12 INFO MemoryStore: Block broadcast_6 stored as values in memory (estimated size 214.2 KiB, free 433.7 MiB)
25/07/29 15:03:12 INFO MemoryStore: Block broadcast_6_piece0 stored as bytes in memory (estimated size 38.6 KiB, free 433.7 MiB)
25/07/29 15:03:12 INFO SparkContext: Created broadcast 6 from collect at /home/aswin/Desktop/untitled2/data_cleaning.py:22
25/07/29 15:03:12 INFO FileSourceScanExec: Planning scan with bin packing, max size: 4194304 bytes, open cost is considered as scanning 4194304 bytes.
25/07/29 15:03:12 INFO DAGScheduler: Registering RDD 17 (collect at /home/aswin/Desktop/untitled2/data_cleaning.py:22) as input to shuffle 0
25/07/29 15:03:12 INFO DAGScheduler: Got map stage job 3 (collect at /home/aswin/Desktop/untitled2/data_cleaning.py:22) with 1 output partitions
25/07/29 15:03:12 INFO DAGScheduler: Final stage: ShuffleMapStage 3 (collect at /home/aswin/Desktop/untitled2/data_cleaning.py:22)
25/07/29 15:03:12 INFO DAGScheduler: Parents of final stage: List()
25/07/29 15:03:12 INFO DAGScheduler: Missing parents: List()
25/07/29 15:03:12 INFO DAGScheduler: Submitting ShuffleMapStage 3 (MapPartitionsRDD[17] at collect at /home/aswin/Desktop/untitled2/data_cleaning.py:22), which has no missing parents
25/07/29 15:03:12 INFO MemoryStore: Block broadcast_7 stored as values in memory (estimated size 36.3 KiB, free 433.6 MiB)
25/07/29 15:03:12 INFO MemoryStore: Block broadcast_7_piece0 stored as bytes in memory (estimated size 15.8 KiB, free 433.6 MiB)
25/07/29 15:03:12 INFO SparkContext: Created broadcast 7 from broadcast at DAGScheduler.scala:1676
25/07/29 15:03:12 INFO DAGScheduler: Submitting 1 missing tasks from ShuffleMapStage 3 (MapPartitionsRDD[17] at collect at /home/aswin/Desktop/untitled2/data_cleaning.py:22) (first 15 tasks are for partitions Vector(0))
25/07/29 15:03:12 INFO TaskSchedulerImpl: Adding task set 3.0 with 1 tasks resource profile 0
25/07/29 15:03:12 INFO TaskSetManager: Starting task 0.0 in stage 3.0 (TID 3) (172.16.65.37,executor driver, partition 0, PROCESS_LOCAL, 10235 bytes) 
25/07/29 15:03:12 INFO Executor: Running task 0.0 in stage 3.0 (TID 3)
25/07/29 15:03:12 INFO CodeGenerator: Code generated in 11.359823 ms
25/07/29 15:03:12 INFO CodeGenerator: Code generated in 6.029977 ms
25/07/29 15:03:12 INFO SecurityManager: Changing view acls to: aswin
25/07/29 15:03:12 INFO SecurityManager: Changing modify acls to: aswin
25/07/29 15:03:12 INFO SecurityManager: Changing view acls groups to: aswin
25/07/29 15:03:12 INFO SecurityManager: Changing modify acls groups to: aswin
25/07/29 15:03:12 INFO SecurityManager: SecurityManager: authentication disabled; ui acls disabled; users with view permissions: aswin groups with view permissions: EMPTY; users with modify permissions: aswin; groups with modify permissions: EMPTY; RPC SSL disabled
25/07/29 15:03:12 INFO CodeGenerator: Code generated in 2.013268 ms
25/07/29 15:03:12 INFO CodeGenerator: Code generated in 2.901412 ms
25/07/29 15:03:12 INFO FileScanRDD: Reading File path: file:///home/aswin/Desktop/untitled2/sample_data.csv, range: 0-133, partition values: [empty row]
25/07/29 15:03:12 INFO Executor: Fainished task 0.0 in stage 3.0 (TID 3). 2737 bytes result sent to driver
25/07/29 15:03:12 INFO TaskSetManager: Finished task 0.0 in stage 3.0 (TID 3) in 70 ms on 172.16.65.37 (executor driver) (1/1)
25/07/29 15:03:12 INFO TaskSchedulerImpl: Removed TaskSet 3.0 whose tasks have all completed, from pool 
25/07/29 15:03:12 INFO DAGScheduler: ShuffleMapStage 3 (collect at /home/aswin/Desktop/untitled2/data_cleaning.py:22) finished in 77 ms
25/07/29 15:03:12 INFO DAGScheduler: looking for newly runnable stages
25/07/29 15:03:12 INFO DAGScheduler: running: HashSet()
25/07/29 15:03:12 INFO DAGScheduler: waiting: HashSet()
25/07/29 15:03:12 INFO DAGScheduler: failed: HashSet()
25/07/29 15:03:12 INFO ShufflePartitionsUtil: For shuffle(0, advisory target size: 67108864, actual target size 1048576, minimum partition size: 1048576
25/07/29 15:03:12 INFO CodeGenerator: Code generated in 10.402408 ms
25/07/29 15:03:12 INFO DAGScheduler: Registering RDD 20 (collect at /home/aswin/Desktop/untitled2/data_cleaning.py:22) as input to shuffle 1
25/07/29 15:03:12 INFO DAGScheduler: Got map stage job 4 (collect at /home/aswin/Desktop/untitled2/data_cleaning.py:22) with 1 output partitions
25/07/29 15:03:12 INFO DAGScheduler: Final stage: ShuffleMapStage 5 (collect at /home/aswin/Desktop/untitled2/data_cleaning.py:22)
25/07/29 15:03:12 INFO DAGScheduler: Parents of final stage: List(ShuffleMapStage 4)
25/07/29 15:03:12 INFO DAGScheduler: Missing parents: List()
25/07/29 15:03:12 INFO DAGScheduler: Submitting ShuffleMapStage 5 (MapPartitionsRDD[20] at collect at /home/aswin/Desktop/untitled2/data_cleaning.py:22), which has no missing parents
25/07/29 15:03:12 INFO MemoryStore: Block broadcast_8 stored as values in memory (estimated size 52.7 KiB, free 433.9 MiB)
25/07/29 15:03:12 INFO MemoryStore: Block broadcast_8_piece0 stored as bytes in memory (estimated size 22.1 KiB, free 433.8 MiB)
25/07/29 15:03:12 INFO SparkContext: Created broadcast 8 from broadcast at DAGScheduler.scala:1676
25/07/29 15:03:12 INFO DAGScheduler: Submitting 1 missing tasks from ShuffleMapStage 5 (MapPartitionsRDD[20] at collect at /home/aswin/Desktop/untitled2/data_cleaning.py:22) (first 15 tasks are for partitions Vector(0))
25/07/29 15:03:12 INFO TaskSchedulerImpl: Adding task set 5.0 with 1 tasks resource profile 0
25/07/29 15:03:12 INFO TaskSetManager: Starting task 0.0 in stage 5.0 (TID 4) (172.16.65.37,executor driver, partition 0, NODE_LOCAL, 9620 bytes) 
25/07/29 15:03:12 INFO Executor: Running task 0.0 in stage 5.0 (TID 4)
25/07/29 15:03:12 INFO ShuffleBlockFetcherIterator: Getting 1 (494.0 B) non-empty blocks including 1 (494.0 B) local and 0 (0.0 B) host-local and 0 (0.0 B) push-merged-local and 0 (0.0 B) remote blocks
25/07/29 15:03:12 INFO ShuffleBlockFetcherIterator: Started 0 remote fetches in 5 ms
25/07/29 15:03:12 INFO CodeGenerator: Code generated in 10.895831 ms
25/07/29 15:03:12 INFO Executor: Finished task 0.0 in stage 5.0 (TID 4). 5373 bytes result sent to driver
25/07/29 15:03:12 INFO TaskSetManager: Finished task 0.0 in stage 5.0 (TID 4) in 51 ms on 172.16.65.37 (executor driver) (1/1)
25/07/29 15:03:12 INFO TaskSchedulerImpl: Removed TaskSet 5.0 whose tasks have all completed, from pool 
25/07/29 15:03:12 INFO DAGScheduler: ShuffleMapStage 5 (collect at /home/aswin/Desktop/untitled2/data_cleaning.py:22) finished in 60 ms
25/07/29 15:03:12 INFO DAGScheduler: looking for newly runnable stages
25/07/29 15:03:12 INFO DAGScheduler: running: HashSet()
25/07/29 15:03:12 INFO DAGScheduler: waiting: HashSet()
25/07/29 15:03:12 INFO DAGScheduler: failed: HashSet()
25/07/29 15:03:12 INFO CodeGenerator: Code generated in 5.00069 ms
25/07/29 15:03:12 INFO SparkContext: Starting job: collect at /home/aswin/Desktop/untitled2/data_cleaning.py:22
25/07/29 15:03:12 INFO DAGScheduler: Got job 5 (collect at /home/aswin/Desktop/untitled2/data_cleaning.py:22) with 1 output partitions
25/07/29 15:03:12 INFO DAGScheduler: Final stage: ResultStage 8 (collect at /home/aswin/Desktop/untitled2/data_cleaning.py:22)
25/07/29 15:03:12 INFO DAGScheduler: Parents of final stage: List(ShuffleMapStage 7)
25/07/29 15:03:12 INFO DAGScheduler: Missing parents: List()
25/07/29 15:03:12 INFO DAGScheduler: Submitting ResultStage 8 (MapPartitionsRDD[23] at collect at /home/aswin/Desktop/untitled2/data_cleaning.py:22), which has no missing parents
25/07/29 15:03:12 INFO MemoryStore: Block broadcast_9 stored as values in memory (estimated size 15.4 KiB, free 434.1 MiB)
25/07/29 15:03:12 INFO MemoryStore: Block broadcast_9_piece0 stored as bytes in memory (estimated size 7.1 KiB, free 434.1 MiB)
25/07/29 15:03:12 INFO SparkContext: Created broadcast 9 from broadcast at DAGScheduler.scala:1676
25/07/29 15:03:12 INFO DAGScheduler: Submitting 1 missing tasks from ResultStage 8 (MapPartitionsRDD[23] at collect at /home/aswin/Desktop/untitled2/data_cleaning.py:22) (first 15 tasks are for partitions Vector(0))
25/07/29 15:03:12 INFO TaskSchedulerImpl: Adding task set 8.0 with 1 tasks resource profile 0
25/07/29 15:03:12 INFO TaskSetManager: Starting task 0.0 in stage 8.0 (TID 5) (172.16.65.37,executor driver, partition 0, NODE_LOCAL, 9631 bytes) 
25/07/29 15:03:12 INFO Executor: Running task 0.0 in stage 8.0 (TID 5)
25/07/29 15:03:12 INFO ShuffleBlockFetcherIterator: Getting 1 (66.0 B) non-empty blocks including 1 (66.0 B) local and 0 (0.0 B) host-local and 0 (0.0 B) push-merged-local and 0 (0.0 B) remote blocks
25/07/29 15:03:12 INFO ShuffleBlockFetcherIterator: Started 0 remote fetches in 0 ms
25/07/29 15:03:12 INFO CodeGenerator: Code generated in 3.598878 ms
25/07/29 15:03:12 INFO Executor: Finished task 0.0 in stage 8.0 (TID 5). 3890 bytes result sent to driver
25/07/29 15:03:12 INFO TaskSetManager: Finished task 0.0 in stage 8.0 (TID 5) in 7 ms on 172.16.65.37 (executor driver) (1/1)
25/07/29 15:03:12 INFO TaskSchedulerImpl: Removed TaskSet 8.0 whose tasks have all completed, from pool 
25/07/29 15:03:12 INFO DAGScheduler: ResultStage 8 (collect at /home/aswin/Desktop/untitled2/data_cleaning.py:22) finished in 11 ms
25/07/29 15:03:12 INFO DAGScheduler: Job 5 is finished. Cancelling potential speculative or zombie tasks for this job
25/07/29 15:03:12 INFO TaskSchedulerImpl: Canceling stage 8
25/07/29 15:03:12 INFO TaskSchedulerImpl: Killing all running tasks in stage 8: Stage finished
25/07/29 15:03:12 INFO DAGScheduler: Job 5 finished: collect at /home/aswin/Desktop/untitled2/data_cleaning.py:22, took 11.501544 ms
=== Cleaned Data ===
25/07/29 15:03:12 INFO FileSourceStrategy: Pushed Filters: 
25/07/29 15:03:12 INFO FileSourceStrategy: Post-Scan Filters: Set(atleastnnonnulls(2, city#20, income#21))
25/07/29 15:03:12 INFO CodeGenerator: Code generated in 7.643089 ms
25/07/29 15:03:12 INFO MemoryStore: Block broadcast_10 stored as values in memory (estimated size 214.2 KiB, free 433.8 MiB)
25/07/29 15:03:12 INFO MemoryStore: Block broadcast_10_piece0 stored as bytes in memory (estimated size 38.6 KiB, free 433.8 MiB)
25/07/29 15:03:12 INFO SparkContext: Created broadcast 10 from $anonfun$withThreadLocalCaptured$2 at CompletableFuture.java:1768
25/07/29 15:03:12 INFO FileSourceScanExec: Planning scan with bin packing, max size: 4194304 bytes, open cost is considered as scanning 4194304 bytes.
25/07/29 15:03:12 INFO DAGScheduler: Registering RDD 27 ($anonfun$withThreadLocalCaptured$2 at CompletableFuture.java:1768) as input to shuffle 2
25/07/29 15:03:12 INFO DAGScheduler: Got map stage job 6 ($anonfun$withThreadLocalCaptured$2 at CompletableFuture.java:1768) with 1 output partitions
25/07/29 15:03:12 INFO DAGScheduler: Final stage: ShuffleMapStage 9 ($anonfun$withThreadLocalCaptured$2 at CompletableFuture.java:1768)
25/07/29 15:03:12 INFO DAGScheduler: Parents of final stage: List()
25/07/29 15:03:12 INFO DAGScheduler: Missing parents: List()
25/07/29 15:03:12 INFO DAGScheduler: Submitting ShuffleMapStage 9 (MapPartitionsRDD[27] at $anonfun$withThreadLocalCaptured$2 at CompletableFuture.java:1768), which has no missing parents
25/07/29 15:03:12 INFO MemoryStore: Block broadcast_11 stored as values in memory (estimated size 37.7 KiB, free 433.8 MiB)
25/07/29 15:03:12 INFO MemoryStore: Block broadcast_11_piece0 stored as bytes in memory (estimated size 16.4 KiB, free 433.8 MiB)
25/07/29 15:03:12 INFO SparkContext: Created broadcast 11 from broadcast at DAGScheduler.scala:1676
25/07/29 15:03:12 INFO DAGScheduler: Submitting 1 missing tasks from ShuffleMapStage 9 (MapPartitionsRDD[27] at $anonfun$withThreadLocalCaptured$2 at CompletableFuture.java:1768) (first 15 tasks are for partitions Vector(0))
25/07/29 15:03:12 INFO TaskSchedulerImpl: Adding task set 9.0 with 1 tasks resource profile 0
25/07/29 15:03:12 INFO TaskSetManager: Starting task 0.0 in stage 9.0 (TID 6) (172.16.65.37,executor driver, partition 0, PROCESS_LOCAL, 10235 bytes) 
25/07/29 15:03:12 INFO Executor: Running task 0.0 in stage 9.0 (TID 6)
25/07/29 15:03:12 INFO CodeGenerator: Code generated in 11.167181 ms
25/07/29 15:03:12 INFO FileScanRDD: Reading File path: file:///home/aswin/Desktop/untitled2/sample_data.csv, range: 0-133, partition values: [empty row]
25/07/29 15:03:12 INFO Executor: Finished task 0.0 in stage 9.0 (TID 6). 2828 bytes result sent to driver
25/07/29 15:03:12 INFO TaskSetManager: Finished task 0.0 in stage 9.0 (TID 6) in 24 ms on 172.16.65.37 (executor driver) (1/1)
25/07/29 15:03:12 INFO TaskSchedulerImpl: Removed TaskSet 9.0 whose tasks have all completed, from pool 
25/07/29 15:03:12 INFO DAGScheduler: ShuffleMapStage 9 ($anonfun$withThreadLocalCaptured$2 at CompletableFuture.java:1768) finished in 28 ms
25/07/29 15:03:12 INFO DAGScheduler: looking for newly runnable stages
25/07/29 15:03:12 INFO DAGScheduler: running: HashSet()
25/07/29 15:03:12 INFO DAGScheduler: waiting: HashSet()
25/07/29 15:03:12 INFO DAGScheduler: failed: HashSet()
25/07/29 15:03:12 INFO ShufflePartitionsUtil: For shuffle(2, advisory target size: 67108864, actual target size 1048576, minimum partition size: 1048576
25/07/29 15:03:12 INFO CodeGenerator: Code generated in 8.143954 ms
25/07/29 15:03:12 INFO SparkContext: Starting job: $anonfun$withThreadLocalCaptured$2 at CompletableFuture.java:1768
25/07/29 15:03:12 INFO DAGScheduler: Got job 7 ($anonfun$withThreadLocalCaptured$2 at CompletableFuture.java:1768) with 1 output partitions
25/07/29 15:03:12 INFO DAGScheduler: Final stage: ResultStage 11 ($anonfun$withThreadLocalCaptured$2 at CompletableFuture.java:1768)
25/07/29 15:03:12 INFO DAGScheduler: Parents of final stage: List(ShuffleMapStage 10)
25/07/29 15:03:12 INFO DAGScheduler: Missing parents: List()
25/07/29 15:03:12 INFO DAGScheduler: Submitting ResultStage 11 (MapPartitionsRDD[30] at $anonfun$withThreadLocalCaptured$2 at CompletableFuture.java:1768), which has no missing parents
25/07/29 15:03:12 INFO MemoryStore: Block broadcast_12 stored as values in memory (estimated size 53.0 KiB, free 433.8 MiB)
25/07/29 15:03:12 INFO MemoryStore: Block broadcast_12_piece0 stored as bytes in memory (estimated size 22.1 KiB, free 433.8 MiB)
25/07/29 15:03:12 INFO SparkContext: Created broadcast 12 from broadcast at DAGScheduler.scala:1676
25/07/29 15:03:12 INFO DAGScheduler: Submitting 1 missing tasks from ResultStage 11 (MapPartitionsRDD[30] at $anonfun$withThreadLocalCaptured$2 at CompletableFuture.java:1768) (first 15 tasks are for partitions Vector(0))
25/07/29 15:03:12 INFO TaskSchedulerImpl: Adding task set 11.0 with 1 tasks resource profile 0
25/07/29 15:03:12 INFO TaskSetManager: Starting task 0.0 in stage 11.0 (TID 7) (172.16.65.37,executor driver, partition 0, NODE_LOCAL, 9631 bytes) 
25/07/29 15:03:12 INFO Executor: Running task 0.0 in stage 11.0 (TID 7)
25/07/29 15:03:12 INFO ShuffleBlockFetcherIterator: Getting 1 (318.0 B) non-empty blocks including 1 (318.0 B) local and 0 (0.0 B) host-local and 0 (0.0 B) push-merged-local and 0 (0.0 B) remote blocks
25/07/29 15:03:12 INFO ShuffleBlockFetcherIterator: Started 0 remote fetches in 0 ms
25/07/29 15:03:12 INFO CodeGenerator: Code generated in 8.493263 ms
25/07/29 15:03:12 INFO Executor: Finished task 0.0 in stage 11.0 (TID 7). 5117 bytes result sent to driver
25/07/29 15:03:12 INFO TaskSetManager: Finished task 0.0 in stage 11.0 (TID 7) in 19 ms on 172.16.65.37 (executor driver) (1/1)
25/07/29 15:03:12 INFO TaskSchedulerImpl: Removed TaskSet 11.0 whose tasks have all completed, from pool 
25/07/29 15:03:12 INFO DAGScheduler: ResultStage 11 ($anonfun$withThreadLocalCaptured$2 at CompletableFuture.java:1768) finished in 23 ms
25/07/29 15:03:12 INFO DAGScheduler: Job 7 is finished. Cancelling potential speculative or zombie tasks for this job
25/07/29 15:03:12 INFO TaskSchedulerImpl: Canceling stage 11
25/07/29 15:03:12 INFO TaskSchedulerImpl: Killing all running tasks in stage 11: Stage finished
25/07/29 15:03:12 INFO DAGScheduler: Job 7 finished: $anonfun$withThreadLocalCaptured$2 at CompletableFuture.java:1768, took 25.927803 ms
+---+----+---+-----------+-------+
| id|name|age|       city| income|
+---+----+---+-----------+-------+
|  1|John| 29|   New York|50000.0|
|  5|John| 29|   New York|50000.0|
|  2|Jane| 33|Los Angeles|60000.0|
+---+----+---+-----------+-------+

25/07/29 15:03:12 INFO SparkContext: SparkContext is stopping with exitCode 0 from stop at NativeMethodAccessorImpl.java:0.
25/07/29 15:03:12 INFO SparkUI: Stopped Spark web UI at http://172.16.65.37:4040
25/07/29 15:03:12 INFO MapOutputTrackerMasterEndpoint: MapOutputTrackerMasterEndpoint stopped!
25/07/29 15:03:12 INFO MemoryStore: MemoryStore cleared
25/07/29 15:03:12 INFO BlockManager: BlockManager stopped
25/07/29 15:03:12 INFO BlockManagerMaster: BlockManagerMaster stopped
25/07/29 15:03:12 INFO OutputCommitCoordinator$OutputCommitCoordinatorEndpoint: OutputCommitCoordinator stopped!
25/07/29 15:03:12 INFO SparkContext: Successfully stopped SparkContext
25/07/29 15:03:13 INFO ShutdownHookManager: Shutdown hook called
25/07/29 15:03:13 INFO ShutdownHookManager: Deleting directory /tmp/spark-633777db-bc0b-4ce3-9252-d78ee334e267
25/07/29 15:03:13 INFO ShutdownHookManager: Deleting directory /home/aswin/Desktop/untitled2/artifacts/spark-64df123b-289b-4b9b-ac7c-29e1fb472224
25/07/29 15:03:13 INFO ShutdownHookManager: Deleting directory /tmp/spark-a87f3fff-d77b-4ee4-b7b6-a801beb5f777
25/07/29 15:03:13 INFO ShutdownHookManager: Deleting directory /tmp/spark-a87f3fff-d77b-4ee4-b7b6-a801beb5f777/pyspark-c4286ac5-d596-4657-a947-41af757e7216
